<?xml version="1.0" encoding="UTF-8"?>
<!-- Generated by org.testng.reporters.JUnitReportReporter -->
<testsuite hostname="DESKTOP-104B7S3" failures="0" tests="1" name="testCases.TC002_LoginTest" time="3.381" errors="0" timestamp="2024-10-18T11:21:17 IST" skipped="0">
  <testcase classname="testCases.TC002_LoginTest" name="verify_account_registration" time="3.381"/>
  <system-out/>
</testsuite> <!-- testCases.TC002_LoginTest -->
