<?xml version="1.0" encoding="UTF-8"?>
<!-- Generated by org.testng.reporters.JUnitReportReporter -->
<testsuite hostname="DESKTOP-104B7S3" failures="0" tests="1" name="testCases.TC002_LoginTest" time="2.758" errors="0" timestamp="2024-10-17T12:50:28 IST" skipped="0">
  <testcase classname="testCases.TC002_LoginTest" name="verify_account_registration" time="2.758"/>
  <system-out/>
</testsuite> <!-- testCases.TC002_LoginTest -->
